--- Copying files at Sat Aug 10 04:50:13 UTC 2024
INSTALLED plugins/jakarta-activation-api.jpi : 2.1.3-1
INSTALLED plugins/scm-api.jpi : 696.v778d637b_a_762
INSTALLED plugins/pipeline-stage-tags-metadata.jpi : 2.2205.vc9522a_9d5711
INSTALLED plugins/joda-time-api.jpi : 2.12.7-29.v5a_b_e3a_82269a_
INSTALLED plugins/script-security.jpi : 1341.va_2819b_414686
INSTALLED plugins/workflow-api.jpi : 1332.vc21122317a_8e
INSTALLED plugins/matrix-project.jpi : 832.va_66e270d2946
INSTALLED plugins/junit.jpi : 1284.vf75d778f98c5
INSTALLED plugins/workflow-multibranch.jpi : 795.ve0cb_1f45ca_9a_
INSTALLED plugins/ansicolor.jpi : 1.0.4
INSTALLED plugins/eddsa-api.jpi : 0.3.0-4.v84c6f0f4969e
INSTALLED plugins/github-branch-source.jpi : 1793.v1831e9c68d77
INSTALLED plugins/pipeline-stage-step.jpi : 312.v8cd10304c27a_
INSTALLED plugins/pipeline-github-lib.jpi : 61.v629f2cc41d83
INSTALLED plugins/ws-cleanup.jpi : 0.46
INSTALLED plugins/trilead-api.jpi : 2.147.vb_73cc728a_32e
INSTALLED plugins/plugin-util-api.jpi : 4.1.0
INSTALLED plugins/docker-java-api.jpi : 3.3.6-90.ve7c5c7535ddd
INSTALLED plugins/mailer.jpi : 472.vf7c289a_4b_420
INSTALLED plugins/git.jpi : 5.3.0
INSTALLED plugins/ssh-credentials.jpi : 343.v884f71d78167
INSTALLED plugins/apache-httpcomponents-client-4-api.jpi : 4.5.14-208.v438351942757
INSTALLED plugins/credentials.jpi : 1371.vfee6b_095f0a_3
INSTALLED plugins/jquery3-api.jpi : 3.7.1-2
INSTALLED plugins/docker-commons.jpi : 443.v921729d5611d
INSTALLED plugins/workflow-basic-steps.jpi : 1058.vcb_fc1e3a_21a_9
INSTALLED plugins/durable-task.jpi : 568.v8fb_5c57e8417
INSTALLED plugins/cloud-stats.jpi : 336.v788e4055508b_
INSTALLED plugins/font-awesome-api.jpi : 6.5.2-1
INSTALLED plugins/cloudbees-folder.jpi : 6.942.vb_43318a_156b_2
INSTALLED plugins/jaxb.jpi : 2.3.9-1
INSTALLED plugins/pipeline-groovy-lib.jpi : 727.ve832a_9244dfa_
INSTALLED plugins/bouncycastle-api.jpi : 2.30.1.78.1-248.ve27176eb_46cb_
INSTALLED plugins/docker-plugin.jpi : 1.6.2
INSTALLED plugins/docker-slaves.jpi : 1.0.7
INSTALLED plugins/jackson2-api.jpi : 2.17.0-379.v02de8ec9f64c
INSTALLED plugins/gradle.jpi : 2.12
INSTALLED plugins/email-ext.jpi : 1814.v404722f34263
INSTALLED plugins/structs.jpi : 338.v848422169819
INSTALLED plugins/jjwt-api.jpi : 0.11.5-112.ve82dfb_224b_a_d
INSTALLED plugins/ansible.jpi : 403.v8d0ca_dcb_b_502
INSTALLED plugins/pipeline-stage-view.jpi : 2.34
INSTALLED plugins/apache-httpcomponents-client-5-api.jpi : 5.3.1-110.v77252fb_d4da_5
INSTALLED plugins/asm-api.jpi : 9.7-33.v4d23ef79fcc8
INSTALLED plugins/json-path-api.jpi : 2.9.0-58.v62e3e85b_a_655
INSTALLED plugins/pipeline-graph-analysis.jpi : 216.vfd8b_ece330ca_
INSTALLED plugins/bootstrap5-api.jpi : 5.3.3-1
INSTALLED plugins/pipeline-model-definition.jpi : 2.2205.vc9522a_9d5711
INSTALLED plugins/authentication-tokens.jpi : 1.119.v50285141b_7e1
INSTALLED plugins/workflow-durable-task-step.jpi : 1364.v2fd76fb_6fd41
INSTALLED plugins/pipeline-input-step.jpi : 495.ve9c153f6067b_
INSTALLED plugins/echarts-api.jpi : 5.5.0-1
INSTALLED plugins/branch-api.jpi : 2.1178.v969d9eb_c728e
INSTALLED plugins/workflow-scm-step.jpi : 427.v4ca_6512e7df1
INSTALLED plugins/json-api.jpi : 20240303-41.v94e11e6de726
INSTALLED plugins/ssh-slaves.jpi : 2.973.v0fa_8c0dea_f9f
INSTALLED plugins/terraform.jpi : 1.0.10
INSTALLED plugins/git-client.jpi : 5.0.0
INSTALLED plugins/pipeline-model-extensions.jpi : 2.2205.vc9522a_9d5711
INSTALLED plugins/mina-sshd-api-core.jpi : 2.13.1-117.v2f1a_b_66ff91d
INSTALLED plugins/caffeine-api.jpi : 3.1.8-133.v17b_1ff2e0599
INSTALLED plugins/instance-identity.jpi : 185.v303dc7c645f9
INSTALLED plugins/github.jpi : 1.40.0
INSTALLED plugins/pipeline-model-api.jpi : 2.2205.vc9522a_9d5711
INSTALLED plugins/credentials-binding.jpi : 681.vf91669a_32e45
INSTALLED plugins/variant.jpi : 60.v7290fc0eb_b_cd
INSTALLED plugins/snakeyaml-api.jpi : 2.2-121.v5a_68b_9300b_d4
INSTALLED plugins/workflow-job.jpi : 1436.vfa_244484591f
INSTALLED plugins/checks-api.jpi : 2.2.0
INSTALLED plugins/jakarta-mail-api.jpi : 2.1.3-1
INSTALLED plugins/github-api.jpi : 1.321-468.v6a_9f5f2d5a_7e
INSTALLED plugins/okhttp-api.jpi : 4.11.0-172.vda_da_1feeb_c6e
INSTALLED plugins/workflow-cps.jpi : 3922.va_f73b_7c4246b_
INSTALLED plugins/mina-sshd-api-common.jpi : 2.13.1-117.v2f1a_b_66ff91d
INSTALLED plugins/workflow-support.jpi : 920.v59f71ce16f04
INSTALLED plugins/pipeline-rest-api.jpi : 2.34
INSTALLED plugins/ionicons-api.jpi : 74.v93d5eb_813d5f
INSTALLED plugins/commons-lang3-api.jpi : 3.14.0-76.vda_5591261cfe
INSTALLED plugins/commons-text-api.jpi : 1.12.0-129.v99a_50df237f7
INSTALLED plugins/plain-credentials.jpi : 183.va_de8f1dd5a_2b_
INSTALLED plugins/resource-disposer.jpi : 0.23
INSTALLED plugins/display-url-api.jpi : 2.204.vf6fddd8a_8b_e9
INSTALLED plugins/javax-activation-api.jpi : 1.2.0-7
INSTALLED plugins/token-macro.jpi : 400.v35420b_922dcb_
INSTALLED plugins/workflow-step-api.jpi : 678.v3ee58b_469476
INSTALLED plugins/gson-api.jpi : 2.11.0-41.v019fcf6125dc
INSTALLED plugins.txt
--- Copied files finished at Sat Aug 10 04:50:14 UTC 2024
--- Copying files at Sat Aug 10 04:52:30 UTC 2024
--- Copied files finished at Sat Aug 10 04:52:30 UTC 2024
--- Copying files at Sat Aug 10 04:52:37 UTC 2024
--- Copied files finished at Sat Aug 10 04:52:37 UTC 2024
--- Copying files at Mon Nov 11 20:13:51 UTC 2024
UPGRADED plugins/scm-api.jpi : Image version (698.v8e3b_c788f0a_6) is newer than installed version (696.v778d637b_a_762)
UPGRADED plugins/pipeline-stage-tags-metadata.jpi : Image version (2.2214.vb_b_34b_2ea_9b_83) is newer than installed version (2.2205.vc9522a_9d5711)
UPGRADED plugins/joda-time-api.jpi : Image version (2.13.0-93.v9934da_29b_a_e9) is newer than installed version (2.12.7-29.v5a_b_e3a_82269a_)
UPGRADED plugins/script-security.jpi : Image version (1367.vdf2fc45f229c) is newer than installed version (1341.va_2819b_414686)
UPGRADED plugins/workflow-api.jpi : Image version (1336.vee415d95c521) is newer than installed version (1332.vc21122317a_8e)
UPGRADED plugins/matrix-project.jpi : Image version (840.v812f627cb_578) is newer than installed version (832.va_66e270d2946)
UPGRADED plugins/junit.jpi : Image version (1309.v0078b_fecd6ed) is newer than installed version (1284.vf75d778f98c5)
UPGRADED plugins/ansicolor.jpi : Image version (1.0.5) is newer than installed version (1.0.4)
UPGRADED plugins/github-branch-source.jpi : Image version (1807.v50351eb_7dd13) is newer than installed version (1793.v1831e9c68d77)
UPGRADED plugins/ws-cleanup.jpi : Image version (0.48) is newer than installed version (0.46)
UPGRADED plugins/plugin-util-api.jpi : Image version (5.1.0) is newer than installed version (4.1.0)
UPGRADED plugins/docker-java-api.jpi : Image version (3.4.0-94.v65ced49b_a_7d5) is newer than installed version (3.3.6-90.ve7c5c7535ddd)
UPGRADED plugins/mailer.jpi : Image version (489.vd4b_25144138f) is newer than installed version (472.vf7c289a_4b_420)
UPGRADED plugins/git.jpi : Image version (5.6.0) is newer than installed version (5.3.0)
UPGRADED plugins/credentials.jpi : Image version (1389.vd7a_b_f5fa_50a_2) is newer than installed version (1371.vfee6b_095f0a_3)
UPGRADED plugins/docker-commons.jpi : Image version (445.v6b_646c962a_94) is newer than installed version (443.v921729d5611d)
UPGRADED plugins/durable-task.jpi : Image version (577.v2a_8a_4b_7c0247) is newer than installed version (568.v8fb_5c57e8417)
UPGRADED plugins/font-awesome-api.jpi : Image version (6.6.0-2) is newer than installed version (6.5.2-1)
UPGRADED plugins/cloudbees-folder.jpi : Image version (6.955.v81e2a_35c08d3) is newer than installed version (6.942.vb_43318a_156b_2)
UPGRADED plugins/pipeline-groovy-lib.jpi : Image version (744.v5b_556ee7c253) is newer than installed version (727.ve832a_9244dfa_)
UPGRADED plugins/docker-plugin.jpi : Image version (1.7.0) is newer than installed version (1.6.2)
UPGRADED plugins/gradle.jpi : Image version (2.13.1) is newer than installed version (2.12)
UPGRADED plugins/email-ext.jpi : Image version (1849.v6dd03b_f6e423) is newer than installed version (1814.v404722f34263)
UPGRADED plugins/apache-httpcomponents-client-5-api.jpi : Image version (5.4-124.v31e2987e48f4) is newer than installed version (5.3.1-110.v77252fb_d4da_5)
UPGRADED plugins/asm-api.jpi : Image version (9.7.1-97.v4cc844130d97) is newer than installed version (9.7-33.v4d23ef79fcc8)
UPGRADED plugins/json-path-api.jpi : Image version (2.9.0-118.v7f23ed82a_8b_8) is newer than installed version (2.9.0-58.v62e3e85b_a_655)
UPGRADED plugins/pipeline-model-definition.jpi : Image version (2.2214.vb_b_34b_2ea_9b_83) is newer than installed version (2.2205.vc9522a_9d5711)
UPGRADED plugins/workflow-durable-task-step.jpi : Image version (1378.v6a_3e903058a_3) is newer than installed version (1364.v2fd76fb_6fd41)
UPGRADED plugins/echarts-api.jpi : Image version (5.5.1-4) is newer than installed version (5.5.0-1)
UPGRADED plugins/branch-api.jpi : Image version (2.1200.v4b_a_3da_2eb_db_4) is newer than installed version (2.1178.v969d9eb_c728e)
UPGRADED plugins/json-api.jpi : Image version (20240303-101.v7a_8666713110) is newer than installed version (20240303-41.v94e11e6de726)
UPGRADED plugins/git-client.jpi : Image version (6.1.0) is newer than installed version (5.0.0)
UPGRADED plugins/pipeline-model-extensions.jpi : Image version (2.2214.vb_b_34b_2ea_9b_83) is newer than installed version (2.2205.vc9522a_9d5711)
UPGRADED plugins/mina-sshd-api-core.jpi : Image version (2.14.0-133.vcc091215a_358) is newer than installed version (2.13.1-117.v2f1a_b_66ff91d)
UPGRADED plugins/instance-identity.jpi : Image version (201.vd2a_b_5a_468a_a_6) is newer than installed version (185.v303dc7c645f9)
UPGRADED plugins/pipeline-model-api.jpi : Image version (2.2214.vb_b_34b_2ea_9b_83) is newer than installed version (2.2205.vc9522a_9d5711)
UPGRADED plugins/credentials-binding.jpi : Image version (687.v619cb_15e923f) is newer than installed version (681.vf91669a_32e45)
UPGRADED plugins/snakeyaml-api.jpi : Image version (2.3-123.v13484c65210a_) is newer than installed version (2.2-121.v5a_68b_9300b_d4)
UPGRADED plugins/workflow-job.jpi : Image version (1468.vcf4f5ee92395) is newer than installed version (1436.vfa_244484591f)
UPGRADED plugins/checks-api.jpi : Image version (2.2.1) is newer than installed version (2.2.0)
UPGRADED plugins/github-api.jpi : Image version (1.321-478.vc9ce627ce001) is newer than installed version (1.321-468.v6a_9f5f2d5a_7e)
UPGRADED plugins/okhttp-api.jpi : Image version (4.11.0-181.v1de5b_83857df) is newer than installed version (4.11.0-172.vda_da_1feeb_c6e)
UPGRADED plugins/workflow-cps.jpi : Image version (3990.vd281dd77a_388) is newer than installed version (3922.va_f73b_7c4246b_)
UPGRADED plugins/mina-sshd-api-common.jpi : Image version (2.14.0-133.vcc091215a_358) is newer than installed version (2.13.1-117.v2f1a_b_66ff91d)
UPGRADED plugins/workflow-support.jpi : Image version (932.vb_555de1b_a_b_94) is newer than installed version (920.v59f71ce16f04)
UPGRADED plugins/commons-lang3-api.jpi : Image version (3.17.0-84.vb_b_938040b_078) is newer than installed version (3.14.0-76.vda_5591261cfe)
UPGRADED plugins/resource-disposer.jpi : Image version (0.25) is newer than installed version (0.23)
UPGRADED plugins/display-url-api.jpi : Image version (2.209.v582ed814ff2f) is newer than installed version (2.204.vf6fddd8a_8b_e9)
UPGRADED plugins/gson-api.jpi : Image version (2.11.0-85.v1f4e87273c33) is newer than installed version (2.11.0-41.v019fcf6125dc)
--- Copied files finished at Mon Nov 11 20:13:52 UTC 2024
